Performing C SOURCE FILE Test HAVE_RESTRICT failed with the following output:
Change Dir: /home/hagish/workspace/adt/love-native-android/jni/openal-soft-android/CMakeFiles/CMakeTmp

Run Build Command:/usr/bin/make "cmTryCompileExec/fast"
/usr/bin/make -f CMakeFiles/cmTryCompileExec.dir/build.make CMakeFiles/cmTryCompileExec.dir/build
make[1]: Entering directory `/home/hagish/workspace/adt/love-native-android/jni/openal-soft-android/CMakeFiles/CMakeTmp'
/usr/bin/cmake -E cmake_progress_report /home/hagish/workspace/adt/love-native-android/jni/openal-soft-android/CMakeFiles/CMakeTmp/CMakeFiles 1
Building C object CMakeFiles/cmTryCompileExec.dir/src.c.o
/opt/android-ndk-r6/toolchains/arm-linux-androideabi-4.4.3/prebuilt/linux-x86/bin/arm-linux-androideabi-gcc   --sysroot=/opt/android-ndk-r6/platforms/android-5/arch-arm -fPIC -DANDROID -Wno-psabi -fsigned-char -mthumb  -DHAVE_RESTRICT -I/opt/android-ndk-r6/sources/cxx-stl/gnu-libstdc++/include -I/opt/android-ndk-r6/sources/cxx-stl/gnu-libstdc++/libs/include   -o CMakeFiles/cmTryCompileExec.dir/src.c.o   -c /home/hagish/workspace/adt/love-native-android/jni/openal-soft-android/CMakeFiles/CMakeTmp/src.c
/home/hagish/workspace/adt/love-native-android/jni/openal-soft-android/CMakeFiles/CMakeTmp/src.c:1: error: expected '=', ',', ';', 'asm' or '__attribute__' before 'foo'
make[1]: *** [CMakeFiles/cmTryCompileExec.dir/src.c.o] Error 1
make[1]: Leaving directory `/home/hagish/workspace/adt/love-native-android/jni/openal-soft-android/CMakeFiles/CMakeTmp'
make: *** [cmTryCompileExec/fast] Error 2

Source file was:
int *restrict foo;
                         int main() {return 0;}
Determining if the include file fenv.h exists failed with the following output:
Change Dir: /home/hagish/workspace/adt/love-native-android/jni/openal-soft-android/CMakeFiles/CMakeTmp

Run Build Command:/usr/bin/make "cmTryCompileExec/fast"
/usr/bin/make -f CMakeFiles/cmTryCompileExec.dir/build.make CMakeFiles/cmTryCompileExec.dir/build
make[1]: Entering directory `/home/hagish/workspace/adt/love-native-android/jni/openal-soft-android/CMakeFiles/CMakeTmp'
/usr/bin/cmake -E cmake_progress_report /home/hagish/workspace/adt/love-native-android/jni/openal-soft-android/CMakeFiles/CMakeTmp/CMakeFiles 1
Building C object CMakeFiles/cmTryCompileExec.dir/CheckIncludeFile.c.o
/opt/android-ndk-r6/toolchains/arm-linux-androideabi-4.4.3/prebuilt/linux-x86/bin/arm-linux-androideabi-gcc   --sysroot=/opt/android-ndk-r6/platforms/android-5/arch-arm -fPIC -DANDROID -Wno-psabi -fsigned-char -mthumb   -I/opt/android-ndk-r6/sources/cxx-stl/gnu-libstdc++/include -I/opt/android-ndk-r6/sources/cxx-stl/gnu-libstdc++/libs/include   -o CMakeFiles/cmTryCompileExec.dir/CheckIncludeFile.c.o   -c /home/hagish/workspace/adt/love-native-android/jni/openal-soft-android/CMakeFiles/CMakeTmp/CheckIncludeFile.c
In file included from /home/hagish/workspace/adt/love-native-android/jni/openal-soft-android/CMakeFiles/CMakeTmp/CheckIncludeFile.c:1:
/opt/android-ndk-r6/sources/cxx-stl/gnu-libstdc++/include/fenv.h:34:28: error: bits/c++config.h: No such file or directory
make[1]: *** [CMakeFiles/cmTryCompileExec.dir/CheckIncludeFile.c.o] Error 1
make[1]: Leaving directory `/home/hagish/workspace/adt/love-native-android/jni/openal-soft-android/CMakeFiles/CMakeTmp'
make: *** [cmTryCompileExec/fast] Error 2


Determining if the include file fpu_control.h exists failed with the following output:
Change Dir: /home/hagish/workspace/adt/love-native-android/jni/openal-soft-android/CMakeFiles/CMakeTmp

Run Build Command:/usr/bin/make "cmTryCompileExec/fast"
/usr/bin/make -f CMakeFiles/cmTryCompileExec.dir/build.make CMakeFiles/cmTryCompileExec.dir/build
make[1]: Entering directory `/home/hagish/workspace/adt/love-native-android/jni/openal-soft-android/CMakeFiles/CMakeTmp'
/usr/bin/cmake -E cmake_progress_report /home/hagish/workspace/adt/love-native-android/jni/openal-soft-android/CMakeFiles/CMakeTmp/CMakeFiles 1
Building C object CMakeFiles/cmTryCompileExec.dir/CheckIncludeFile.c.o
/opt/android-ndk-r6/toolchains/arm-linux-androideabi-4.4.3/prebuilt/linux-x86/bin/arm-linux-androideabi-gcc   --sysroot=/opt/android-ndk-r6/platforms/android-5/arch-arm -fPIC -DANDROID -Wno-psabi -fsigned-char -mthumb   -I/opt/android-ndk-r6/sources/cxx-stl/gnu-libstdc++/include -I/opt/android-ndk-r6/sources/cxx-stl/gnu-libstdc++/libs/include   -o CMakeFiles/cmTryCompileExec.dir/CheckIncludeFile.c.o   -c /home/hagish/workspace/adt/love-native-android/jni/openal-soft-android/CMakeFiles/CMakeTmp/CheckIncludeFile.c
/home/hagish/workspace/adt/love-native-android/jni/openal-soft-android/CMakeFiles/CMakeTmp/CheckIncludeFile.c:1:25: error: fpu_control.h: No such file or directory
make[1]: *** [CMakeFiles/cmTryCompileExec.dir/CheckIncludeFile.c.o] Error 1
make[1]: Leaving directory `/home/hagish/workspace/adt/love-native-android/jni/openal-soft-android/CMakeFiles/CMakeTmp'
make: *** [cmTryCompileExec/fast] Error 2


Determining if the include file ieeefp.h exists failed with the following output:
Change Dir: /home/hagish/workspace/adt/love-native-android/jni/openal-soft-android/CMakeFiles/CMakeTmp

Run Build Command:/usr/bin/make "cmTryCompileExec/fast"
/usr/bin/make -f CMakeFiles/cmTryCompileExec.dir/build.make CMakeFiles/cmTryCompileExec.dir/build
make[1]: Entering directory `/home/hagish/workspace/adt/love-native-android/jni/openal-soft-android/CMakeFiles/CMakeTmp'
/usr/bin/cmake -E cmake_progress_report /home/hagish/workspace/adt/love-native-android/jni/openal-soft-android/CMakeFiles/CMakeTmp/CMakeFiles 1
Building C object CMakeFiles/cmTryCompileExec.dir/CheckIncludeFile.c.o
/opt/android-ndk-r6/toolchains/arm-linux-androideabi-4.4.3/prebuilt/linux-x86/bin/arm-linux-androideabi-gcc   --sysroot=/opt/android-ndk-r6/platforms/android-5/arch-arm -fPIC -DANDROID -Wno-psabi -fsigned-char -mthumb   -I/opt/android-ndk-r6/sources/cxx-stl/gnu-libstdc++/include -I/opt/android-ndk-r6/sources/cxx-stl/gnu-libstdc++/libs/include   -o CMakeFiles/cmTryCompileExec.dir/CheckIncludeFile.c.o   -c /home/hagish/workspace/adt/love-native-android/jni/openal-soft-android/CMakeFiles/CMakeTmp/CheckIncludeFile.c
/home/hagish/workspace/adt/love-native-android/jni/openal-soft-android/CMakeFiles/CMakeTmp/CheckIncludeFile.c:1:20: error: ieeefp.h: No such file or directory
make[1]: *** [CMakeFiles/cmTryCompileExec.dir/CheckIncludeFile.c.o] Error 1
make[1]: Leaving directory `/home/hagish/workspace/adt/love-native-android/jni/openal-soft-android/CMakeFiles/CMakeTmp'
make: *** [cmTryCompileExec/fast] Error 2


Determining if the include file guiddef.h exists failed with the following output:
Change Dir: /home/hagish/workspace/adt/love-native-android/jni/openal-soft-android/CMakeFiles/CMakeTmp

Run Build Command:/usr/bin/make "cmTryCompileExec/fast"
/usr/bin/make -f CMakeFiles/cmTryCompileExec.dir/build.make CMakeFiles/cmTryCompileExec.dir/build
make[1]: Entering directory `/home/hagish/workspace/adt/love-native-android/jni/openal-soft-android/CMakeFiles/CMakeTmp'
/usr/bin/cmake -E cmake_progress_report /home/hagish/workspace/adt/love-native-android/jni/openal-soft-android/CMakeFiles/CMakeTmp/CMakeFiles 1
Building C object CMakeFiles/cmTryCompileExec.dir/CheckIncludeFile.c.o
/opt/android-ndk-r6/toolchains/arm-linux-androideabi-4.4.3/prebuilt/linux-x86/bin/arm-linux-androideabi-gcc   --sysroot=/opt/android-ndk-r6/platforms/android-5/arch-arm -fPIC -DANDROID -Wno-psabi -fsigned-char -mthumb   -I/opt/android-ndk-r6/sources/cxx-stl/gnu-libstdc++/include -I/opt/android-ndk-r6/sources/cxx-stl/gnu-libstdc++/libs/include   -o CMakeFiles/cmTryCompileExec.dir/CheckIncludeFile.c.o   -c /home/hagish/workspace/adt/love-native-android/jni/openal-soft-android/CMakeFiles/CMakeTmp/CheckIncludeFile.c
/home/hagish/workspace/adt/love-native-android/jni/openal-soft-android/CMakeFiles/CMakeTmp/CheckIncludeFile.c:1:21: error: guiddef.h: No such file or directory
make[1]: *** [CMakeFiles/cmTryCompileExec.dir/CheckIncludeFile.c.o] Error 1
make[1]: Leaving directory `/home/hagish/workspace/adt/love-native-android/jni/openal-soft-android/CMakeFiles/CMakeTmp'
make: *** [cmTryCompileExec/fast] Error 2


Determining if the include file initguid.h exists failed with the following output:
Change Dir: /home/hagish/workspace/adt/love-native-android/jni/openal-soft-android/CMakeFiles/CMakeTmp

Run Build Command:/usr/bin/make "cmTryCompileExec/fast"
/usr/bin/make -f CMakeFiles/cmTryCompileExec.dir/build.make CMakeFiles/cmTryCompileExec.dir/build
make[1]: Entering directory `/home/hagish/workspace/adt/love-native-android/jni/openal-soft-android/CMakeFiles/CMakeTmp'
/usr/bin/cmake -E cmake_progress_report /home/hagish/workspace/adt/love-native-android/jni/openal-soft-android/CMakeFiles/CMakeTmp/CMakeFiles 1
Building C object CMakeFiles/cmTryCompileExec.dir/CheckIncludeFile.c.o
/opt/android-ndk-r6/toolchains/arm-linux-androideabi-4.4.3/prebuilt/linux-x86/bin/arm-linux-androideabi-gcc   --sysroot=/opt/android-ndk-r6/platforms/android-5/arch-arm -fPIC -DANDROID -Wno-psabi -fsigned-char -mthumb   -I/opt/android-ndk-r6/sources/cxx-stl/gnu-libstdc++/include -I/opt/android-ndk-r6/sources/cxx-stl/gnu-libstdc++/libs/include   -o CMakeFiles/cmTryCompileExec.dir/CheckIncludeFile.c.o   -c /home/hagish/workspace/adt/love-native-android/jni/openal-soft-android/CMakeFiles/CMakeTmp/CheckIncludeFile.c
/home/hagish/workspace/adt/love-native-android/jni/openal-soft-android/CMakeFiles/CMakeTmp/CheckIncludeFile.c:1:22: error: initguid.h: No such file or directory
make[1]: Leaving directory `/home/hagish/workspace/adt/love-native-android/jni/openal-soft-android/CMakeFiles/CMakeTmp'
make[1]: *** [CMakeFiles/cmTryCompileExec.dir/CheckIncludeFile.c.o] Error 1
make: *** [cmTryCompileExec/fast] Error 2


Determining if the include file arm_neon.h exists failed with the following output:
Change Dir: /home/hagish/workspace/adt/love-native-android/jni/openal-soft-android/CMakeFiles/CMakeTmp

Run Build Command:/usr/bin/make "cmTryCompileExec/fast"
/usr/bin/make -f CMakeFiles/cmTryCompileExec.dir/build.make CMakeFiles/cmTryCompileExec.dir/build
make[1]: Entering directory `/home/hagish/workspace/adt/love-native-android/jni/openal-soft-android/CMakeFiles/CMakeTmp'
/usr/bin/cmake -E cmake_progress_report /home/hagish/workspace/adt/love-native-android/jni/openal-soft-android/CMakeFiles/CMakeTmp/CMakeFiles 1
Building C object CMakeFiles/cmTryCompileExec.dir/CheckIncludeFile.c.o
/opt/android-ndk-r6/toolchains/arm-linux-androideabi-4.4.3/prebuilt/linux-x86/bin/arm-linux-androideabi-gcc   --sysroot=/opt/android-ndk-r6/platforms/android-5/arch-arm -fPIC -DANDROID -Wno-psabi -fsigned-char -mthumb   -I/opt/android-ndk-r6/sources/cxx-stl/gnu-libstdc++/include -I/opt/android-ndk-r6/sources/cxx-stl/gnu-libstdc++/libs/include   -o CMakeFiles/cmTryCompileExec.dir/CheckIncludeFile.c.o   -c /home/hagish/workspace/adt/love-native-android/jni/openal-soft-android/CMakeFiles/CMakeTmp/CheckIncludeFile.c
In file included from /home/hagish/workspace/adt/love-native-android/jni/openal-soft-android/CMakeFiles/CMakeTmp/CheckIncludeFile.c:1:
/opt/android-ndk-r6/toolchains/arm-linux-androideabi-4.4.3/prebuilt/linux-x86/bin/../lib/gcc/arm-linux-androideabi/4.4.3/include/arm_neon.h:32:2: error: #error You must enable NEON instructions (e.g. -mfloat-abi=softfp -mfpu=neon) to use arm_neon.h
make[1]: *** [CMakeFiles/cmTryCompileExec.dir/CheckIncludeFile.c.o] Error 1
make[1]: Leaving directory `/home/hagish/workspace/adt/love-native-android/jni/openal-soft-android/CMakeFiles/CMakeTmp'
make: *** [cmTryCompileExec/fast] Error 2


Determining if the function strtof exists failed with the following output:
Change Dir: /home/hagish/workspace/adt/love-native-android/jni/openal-soft-android/CMakeFiles/CMakeTmp

Run Build Command:/usr/bin/make "cmTryCompileExec/fast"
/usr/bin/make -f CMakeFiles/cmTryCompileExec.dir/build.make CMakeFiles/cmTryCompileExec.dir/build
make[1]: Entering directory `/home/hagish/workspace/adt/love-native-android/jni/openal-soft-android/CMakeFiles/CMakeTmp'
/usr/bin/cmake -E cmake_progress_report /home/hagish/workspace/adt/love-native-android/jni/openal-soft-android/CMakeFiles/CMakeTmp/CMakeFiles 1
Building C object CMakeFiles/cmTryCompileExec.dir/CheckFunctionExists.c.o
/opt/android-ndk-r6/toolchains/arm-linux-androideabi-4.4.3/prebuilt/linux-x86/bin/arm-linux-androideabi-gcc   --sysroot=/opt/android-ndk-r6/platforms/android-5/arch-arm -fPIC -DANDROID -Wno-psabi -fsigned-char -mthumb  -DCHECK_FUNCTION_EXISTS=strtof -I/opt/android-ndk-r6/sources/cxx-stl/gnu-libstdc++/include -I/opt/android-ndk-r6/sources/cxx-stl/gnu-libstdc++/libs/include   -o CMakeFiles/cmTryCompileExec.dir/CheckFunctionExists.c.o   -c /usr/share/cmake-2.8/Modules/CheckFunctionExists.c
Linking C executable cmTryCompileExec
/usr/bin/cmake -E cmake_link_script CMakeFiles/cmTryCompileExec.dir/link.txt --verbose=1
/opt/android-ndk-r6/toolchains/arm-linux-androideabi-4.4.3/prebuilt/linux-x86/bin/arm-linux-androideabi-gcc   --sysroot=/opt/android-ndk-r6/platforms/android-5/arch-arm -fPIC -DANDROID -Wno-psabi -fsigned-char -mthumb  -DCHECK_FUNCTION_EXISTS=strtof  -L"/opt/android-ndk-r6/sources/cxx-stl/gnu-libstdc++/libs/" -L"/libs/" -lstdc++ -lsupc++ CMakeFiles/cmTryCompileExec.dir/CheckFunctionExists.c.o  -o cmTryCompileExec -rdynamic -L/opt/android-ndk-r6/platforms/android-5/arch-arm/usr/lib -lm -Wl,-rpath,/opt/android-ndk-r6/platforms/android-5/arch-arm/usr/lib 
CMakeFiles/cmTryCompileExec.dir/CheckFunctionExists.c.o: In function `main':
CheckFunctionExists.c:(.text+0xa): undefined reference to `strtof'
collect2: ld returned 1 exit status
make[1]: *** [cmTryCompileExec] Error 1
make[1]: Leaving directory `/home/hagish/workspace/adt/love-native-android/jni/openal-soft-android/CMakeFiles/CMakeTmp'
make: *** [cmTryCompileExec/fast] Error 2


Determining if the function _controlfp exists failed with the following output:
Change Dir: /home/hagish/workspace/adt/love-native-android/jni/openal-soft-android/CMakeFiles/CMakeTmp

Run Build Command:/usr/bin/make "cmTryCompileExec/fast"
/usr/bin/make -f CMakeFiles/cmTryCompileExec.dir/build.make CMakeFiles/cmTryCompileExec.dir/build
make[1]: Entering directory `/home/hagish/workspace/adt/love-native-android/jni/openal-soft-android/CMakeFiles/CMakeTmp'
/usr/bin/cmake -E cmake_progress_report /home/hagish/workspace/adt/love-native-android/jni/openal-soft-android/CMakeFiles/CMakeTmp/CMakeFiles 1
Building C object CMakeFiles/cmTryCompileExec.dir/CheckFunctionExists.c.o
/opt/android-ndk-r6/toolchains/arm-linux-androideabi-4.4.3/prebuilt/linux-x86/bin/arm-linux-androideabi-gcc   --sysroot=/opt/android-ndk-r6/platforms/android-5/arch-arm -fPIC -DANDROID -Wno-psabi -fsigned-char -mthumb  -DCHECK_FUNCTION_EXISTS=_controlfp -I/opt/android-ndk-r6/sources/cxx-stl/gnu-libstdc++/include -I/opt/android-ndk-r6/sources/cxx-stl/gnu-libstdc++/libs/include   -o CMakeFiles/cmTryCompileExec.dir/CheckFunctionExists.c.o   -c /usr/share/cmake-2.8/Modules/CheckFunctionExists.c
Linking C executable cmTryCompileExec
/usr/bin/cmake -E cmake_link_script CMakeFiles/cmTryCompileExec.dir/link.txt --verbose=1
/opt/android-ndk-r6/toolchains/arm-linux-androideabi-4.4.3/prebuilt/linux-x86/bin/arm-linux-androideabi-gcc   --sysroot=/opt/android-ndk-r6/platforms/android-5/arch-arm -fPIC -DANDROID -Wno-psabi -fsigned-char -mthumb  -DCHECK_FUNCTION_EXISTS=_controlfp  -L"/opt/android-ndk-r6/sources/cxx-stl/gnu-libstdc++/libs/" -L"/libs/" -lstdc++ -lsupc++ CMakeFiles/cmTryCompileExec.dir/CheckFunctionExists.c.o  -o cmTryCompileExec -rdynamic -L/opt/android-ndk-r6/platforms/android-5/arch-arm/usr/lib -lm -Wl,-rpath,/opt/android-ndk-r6/platforms/android-5/arch-arm/usr/lib 
CMakeFiles/cmTryCompileExec.dir/CheckFunctionExists.c.o: In function `main':
CheckFunctionExists.c:(.text+0xa): undefined reference to `_controlfp'
collect2: ld returned 1 exit status
make[1]: Leaving directory `/home/hagish/workspace/adt/love-native-android/jni/openal-soft-android/CMakeFiles/CMakeTmp'
make[1]: *** [cmTryCompileExec] Error 1
make: *** [cmTryCompileExec/fast] Error 2


Determining if the include file windows.h exists failed with the following output:
Change Dir: /home/hagish/workspace/adt/love-native-android/jni/openal-soft-android/CMakeFiles/CMakeTmp

Run Build Command:/usr/bin/make "cmTryCompileExec/fast"
/usr/bin/make -f CMakeFiles/cmTryCompileExec.dir/build.make CMakeFiles/cmTryCompileExec.dir/build
make[1]: Entering directory `/home/hagish/workspace/adt/love-native-android/jni/openal-soft-android/CMakeFiles/CMakeTmp'
/usr/bin/cmake -E cmake_progress_report /home/hagish/workspace/adt/love-native-android/jni/openal-soft-android/CMakeFiles/CMakeTmp/CMakeFiles 1
Building C object CMakeFiles/cmTryCompileExec.dir/CheckIncludeFile.c.o
/opt/android-ndk-r6/toolchains/arm-linux-androideabi-4.4.3/prebuilt/linux-x86/bin/arm-linux-androideabi-gcc   --sysroot=/opt/android-ndk-r6/platforms/android-5/arch-arm -fPIC -DANDROID -Wno-psabi -fsigned-char -mthumb -D_WIN32_WINNT=0x0500   -I/opt/android-ndk-r6/sources/cxx-stl/gnu-libstdc++/include -I/opt/android-ndk-r6/sources/cxx-stl/gnu-libstdc++/libs/include   -o CMakeFiles/cmTryCompileExec.dir/CheckIncludeFile.c.o   -c /home/hagish/workspace/adt/love-native-android/jni/openal-soft-android/CMakeFiles/CMakeTmp/CheckIncludeFile.c
/home/hagish/workspace/adt/love-native-android/jni/openal-soft-android/CMakeFiles/CMakeTmp/CheckIncludeFile.c:1:21: error: windows.h: No such file or directory
make[1]: Leaving directory `/home/hagish/workspace/adt/love-native-android/jni/openal-soft-android/CMakeFiles/CMakeTmp'
make[1]: *** [CMakeFiles/cmTryCompileExec.dir/CheckIncludeFile.c.o] Error 1
make: *** [cmTryCompileExec/fast] Error 2


Performing C SOURCE FILE Test HAVE_PTHREAD failed with the following output:
Change Dir: /home/hagish/workspace/adt/love-native-android/jni/openal-soft-android/CMakeFiles/CMakeTmp

Run Build Command:/usr/bin/make "cmTryCompileExec/fast"
/usr/bin/make -f CMakeFiles/cmTryCompileExec.dir/build.make CMakeFiles/cmTryCompileExec.dir/build
make[1]: Entering directory `/home/hagish/workspace/adt/love-native-android/jni/openal-soft-android/CMakeFiles/CMakeTmp'
/usr/bin/cmake -E cmake_progress_report /home/hagish/workspace/adt/love-native-android/jni/openal-soft-android/CMakeFiles/CMakeTmp/CMakeFiles 1
Building C object CMakeFiles/cmTryCompileExec.dir/src.c.o
/opt/android-ndk-r6/toolchains/arm-linux-androideabi-4.4.3/prebuilt/linux-x86/bin/arm-linux-androideabi-gcc   --sysroot=/opt/android-ndk-r6/platforms/android-5/arch-arm -fPIC -DANDROID -Wno-psabi -fsigned-char -mthumb  -pthread -I/opt/android-ndk-r6/sources/cxx-stl/gnu-libstdc++/include -I/opt/android-ndk-r6/sources/cxx-stl/gnu-libstdc++/libs/include   -o CMakeFiles/cmTryCompileExec.dir/src.c.o   -c /home/hagish/workspace/adt/love-native-android/jni/openal-soft-android/CMakeFiles/CMakeTmp/src.c
Linking C executable cmTryCompileExec
/usr/bin/cmake -E cmake_link_script CMakeFiles/cmTryCompileExec.dir/link.txt --verbose=1
/opt/android-ndk-r6/toolchains/arm-linux-androideabi-4.4.3/prebuilt/linux-x86/bin/arm-linux-androideabi-gcc   --sysroot=/opt/android-ndk-r6/platforms/android-5/arch-arm -fPIC -DANDROID -Wno-psabi -fsigned-char -mthumb  -pthread  -L"/opt/android-ndk-r6/sources/cxx-stl/gnu-libstdc++/libs/" -L"/libs/" -lstdc++ -lsupc++ CMakeFiles/cmTryCompileExec.dir/src.c.o  -o cmTryCompileExec -rdynamic -L/opt/android-ndk-r6/platforms/android-5/arch-arm/usr/lib -lm -Wl,-rpath,/opt/android-ndk-r6/platforms/android-5/arch-arm/usr/lib 
/opt/android-ndk-r6/toolchains/arm-linux-androideabi-4.4.3/prebuilt/linux-x86/bin/../lib/gcc/arm-linux-androideabi/4.4.3/../../../../arm-linux-androideabi/bin/ld: cannot find -lpthread
collect2: ld returned 1 exit status
make[1]: *** [cmTryCompileExec] Error 1
make[1]: Leaving directory `/home/hagish/workspace/adt/love-native-android/jni/openal-soft-android/CMakeFiles/CMakeTmp'
make: *** [cmTryCompileExec/fast] Error 2

Source file was:

Determining if files pthread.h;pthread_np.h exist failed with the following output:
Change Dir: /home/hagish/workspace/adt/love-native-android/jni/openal-soft-android/CMakeFiles/CMakeTmp

Run Build Command:/usr/bin/make "cmTryCompileExec/fast"
/usr/bin/make -f CMakeFiles/cmTryCompileExec.dir/build.make CMakeFiles/cmTryCompileExec.dir/build
make[1]: Entering directory `/home/hagish/workspace/adt/love-native-android/jni/openal-soft-android/CMakeFiles/CMakeTmp'
/usr/bin/cmake -E cmake_progress_report /home/hagish/workspace/adt/love-native-android/jni/openal-soft-android/CMakeFiles/CMakeTmp/CMakeFiles 1
Building C object CMakeFiles/cmTryCompileExec.dir/CheckIncludeFiles.c.o
/opt/android-ndk-r6/toolchains/arm-linux-androideabi-4.4.3/prebuilt/linux-x86/bin/arm-linux-androideabi-gcc   --sysroot=/opt/android-ndk-r6/platforms/android-5/arch-arm -fPIC -DANDROID -Wno-psabi -fsigned-char -mthumb   -I/opt/android-ndk-r6/sources/cxx-stl/gnu-libstdc++/include -I/opt/android-ndk-r6/sources/cxx-stl/gnu-libstdc++/libs/include   -o CMakeFiles/cmTryCompileExec.dir/CheckIncludeFiles.c.o   -c /home/hagish/workspace/adt/love-native-android/jni/openal-soft-android/CMakeFiles/CMakeTmp/CheckIncludeFiles.c
/home/hagish/workspace/adt/love-native-android/jni/openal-soft-android/CMakeFiles/CMakeTmp/CheckIncludeFiles.c:3:24: error: pthread_np.h: No such file or directory
make[1]: *** [CMakeFiles/cmTryCompileExec.dir/CheckIncludeFiles.c.o] Error 1
make[1]: Leaving directory `/home/hagish/workspace/adt/love-native-android/jni/openal-soft-android/CMakeFiles/CMakeTmp'
make: *** [cmTryCompileExec/fast] Error 2

Source:
/* */
#include <pthread.h>
#include <pthread_np.h>


int main(){return 0;}

Determining if the function pthread_create exists in the pthread failed with the following output:
Change Dir: /home/hagish/workspace/adt/love-native-android/jni/openal-soft-android/CMakeFiles/CMakeTmp

Run Build Command:/usr/bin/make "cmTryCompileExec/fast"
/usr/bin/make -f CMakeFiles/cmTryCompileExec.dir/build.make CMakeFiles/cmTryCompileExec.dir/build
make[1]: Entering directory `/home/hagish/workspace/adt/love-native-android/jni/openal-soft-android/CMakeFiles/CMakeTmp'
/usr/bin/cmake -E cmake_progress_report /home/hagish/workspace/adt/love-native-android/jni/openal-soft-android/CMakeFiles/CMakeTmp/CMakeFiles 1
Building C object CMakeFiles/cmTryCompileExec.dir/CheckFunctionExists.c.o
/opt/android-ndk-r6/toolchains/arm-linux-androideabi-4.4.3/prebuilt/linux-x86/bin/arm-linux-androideabi-gcc   --sysroot=/opt/android-ndk-r6/platforms/android-5/arch-arm -fPIC -DANDROID -Wno-psabi -fsigned-char -mthumb  -DCHECK_FUNCTION_EXISTS=pthread_create -I/opt/android-ndk-r6/sources/cxx-stl/gnu-libstdc++/include -I/opt/android-ndk-r6/sources/cxx-stl/gnu-libstdc++/libs/include   -o CMakeFiles/cmTryCompileExec.dir/CheckFunctionExists.c.o   -c /usr/share/cmake-2.8/Modules/CheckFunctionExists.c
Linking C executable cmTryCompileExec
/usr/bin/cmake -E cmake_link_script CMakeFiles/cmTryCompileExec.dir/link.txt --verbose=1
/opt/android-ndk-r6/toolchains/arm-linux-androideabi-4.4.3/prebuilt/linux-x86/bin/arm-linux-androideabi-gcc   --sysroot=/opt/android-ndk-r6/platforms/android-5/arch-arm -fPIC -DANDROID -Wno-psabi -fsigned-char -mthumb  -DCHECK_FUNCTION_EXISTS=pthread_create  -L"/opt/android-ndk-r6/sources/cxx-stl/gnu-libstdc++/libs/" -L"/libs/" -lstdc++ -lsupc++ CMakeFiles/cmTryCompileExec.dir/CheckFunctionExists.c.o  -o cmTryCompileExec -rdynamic -L/opt/android-ndk-r6/platforms/android-5/arch-arm/usr/lib -lpthread -lm -Wl,-rpath,/opt/android-ndk-r6/platforms/android-5/arch-arm/usr/lib 
/opt/android-ndk-r6/toolchains/arm-linux-androideabi-4.4.3/prebuilt/linux-x86/bin/../lib/gcc/arm-linux-androideabi/4.4.3/../../../../arm-linux-androideabi/bin/ld: cannot find -lpthread
collect2: ld returned 1 exit status
make[1]: *** [cmTryCompileExec] Error 1
make[1]: Leaving directory `/home/hagish/workspace/adt/love-native-android/jni/openal-soft-android/CMakeFiles/CMakeTmp'
make: *** [cmTryCompileExec/fast] Error 2


Determining if the function pthread_setschedparam exists in the pthread failed with the following output:
Change Dir: /home/hagish/workspace/adt/love-native-android/jni/openal-soft-android/CMakeFiles/CMakeTmp

Run Build Command:/usr/bin/make "cmTryCompileExec/fast"
/usr/bin/make -f CMakeFiles/cmTryCompileExec.dir/build.make CMakeFiles/cmTryCompileExec.dir/build
make[1]: Entering directory `/home/hagish/workspace/adt/love-native-android/jni/openal-soft-android/CMakeFiles/CMakeTmp'
/usr/bin/cmake -E cmake_progress_report /home/hagish/workspace/adt/love-native-android/jni/openal-soft-android/CMakeFiles/CMakeTmp/CMakeFiles 1
Building C object CMakeFiles/cmTryCompileExec.dir/CheckFunctionExists.c.o
/opt/android-ndk-r6/toolchains/arm-linux-androideabi-4.4.3/prebuilt/linux-x86/bin/arm-linux-androideabi-gcc   --sysroot=/opt/android-ndk-r6/platforms/android-5/arch-arm -fPIC -DANDROID -Wno-psabi -fsigned-char -mthumb  -DCHECK_FUNCTION_EXISTS=pthread_setschedparam -I/opt/android-ndk-r6/sources/cxx-stl/gnu-libstdc++/include -I/opt/android-ndk-r6/sources/cxx-stl/gnu-libstdc++/libs/include   -o CMakeFiles/cmTryCompileExec.dir/CheckFunctionExists.c.o   -c /usr/share/cmake-2.8/Modules/CheckFunctionExists.c
Linking C executable cmTryCompileExec
/usr/bin/cmake -E cmake_link_script CMakeFiles/cmTryCompileExec.dir/link.txt --verbose=1
/opt/android-ndk-r6/toolchains/arm-linux-androideabi-4.4.3/prebuilt/linux-x86/bin/arm-linux-androideabi-gcc   --sysroot=/opt/android-ndk-r6/platforms/android-5/arch-arm -fPIC -DANDROID -Wno-psabi -fsigned-char -mthumb  -DCHECK_FUNCTION_EXISTS=pthread_setschedparam  -L"/opt/android-ndk-r6/sources/cxx-stl/gnu-libstdc++/libs/" -L"/libs/" -lstdc++ -lsupc++ CMakeFiles/cmTryCompileExec.dir/CheckFunctionExists.c.o  -o cmTryCompileExec -rdynamic -L/opt/android-ndk-r6/platforms/android-5/arch-arm/usr/lib -lpthread -lm -Wl,-rpath,/opt/android-ndk-r6/platforms/android-5/arch-arm/usr/lib 
/opt/android-ndk-r6/toolchains/arm-linux-androideabi-4.4.3/prebuilt/linux-x86/bin/../lib/gcc/arm-linux-androideabi/4.4.3/../../../../arm-linux-androideabi/bin/ld: cannot find -lpthread
collect2: ld returned 1 exit status
make[1]: *** [cmTryCompileExec] Error 1
make[1]: Leaving directory `/home/hagish/workspace/adt/love-native-android/jni/openal-soft-android/CMakeFiles/CMakeTmp'
make: *** [cmTryCompileExec/fast] Error 2


Determining if the function clock_gettime exists in the rt failed with the following output:
Change Dir: /home/hagish/workspace/adt/love-native-android/jni/openal-soft-android/CMakeFiles/CMakeTmp

Run Build Command:/usr/bin/make "cmTryCompileExec/fast"
/usr/bin/make -f CMakeFiles/cmTryCompileExec.dir/build.make CMakeFiles/cmTryCompileExec.dir/build
make[1]: Entering directory `/home/hagish/workspace/adt/love-native-android/jni/openal-soft-android/CMakeFiles/CMakeTmp'
/usr/bin/cmake -E cmake_progress_report /home/hagish/workspace/adt/love-native-android/jni/openal-soft-android/CMakeFiles/CMakeTmp/CMakeFiles 1
Building C object CMakeFiles/cmTryCompileExec.dir/CheckFunctionExists.c.o
/opt/android-ndk-r6/toolchains/arm-linux-androideabi-4.4.3/prebuilt/linux-x86/bin/arm-linux-androideabi-gcc   --sysroot=/opt/android-ndk-r6/platforms/android-5/arch-arm -fPIC -DANDROID -Wno-psabi -fsigned-char -mthumb  -DCHECK_FUNCTION_EXISTS=clock_gettime -I/opt/android-ndk-r6/sources/cxx-stl/gnu-libstdc++/include -I/opt/android-ndk-r6/sources/cxx-stl/gnu-libstdc++/libs/include   -o CMakeFiles/cmTryCompileExec.dir/CheckFunctionExists.c.o   -c /usr/share/cmake-2.8/Modules/CheckFunctionExists.c
Linking C executable cmTryCompileExec
/usr/bin/cmake -E cmake_link_script CMakeFiles/cmTryCompileExec.dir/link.txt --verbose=1
/opt/android-ndk-r6/toolchains/arm-linux-androideabi-4.4.3/prebuilt/linux-x86/bin/arm-linux-androideabi-gcc   --sysroot=/opt/android-ndk-r6/platforms/android-5/arch-arm -fPIC -DANDROID -Wno-psabi -fsigned-char -mthumb  -DCHECK_FUNCTION_EXISTS=clock_gettime  -L"/opt/android-ndk-r6/sources/cxx-stl/gnu-libstdc++/libs/" -L"/libs/" -lstdc++ -lsupc++ CMakeFiles/cmTryCompileExec.dir/CheckFunctionExists.c.o  -o cmTryCompileExec -rdynamic -L/opt/android-ndk-r6/platforms/android-5/arch-arm/usr/lib -lrt -lm -Wl,-rpath,/opt/android-ndk-r6/platforms/android-5/arch-arm/usr/lib 
/opt/android-ndk-r6/toolchains/arm-linux-androideabi-4.4.3/prebuilt/linux-x86/bin/../lib/gcc/arm-linux-androideabi/4.4.3/../../../../arm-linux-androideabi/bin/ld: cannot find -lrt
collect2: ld returned 1 exit status
make[1]: *** [cmTryCompileExec] Error 1
make[1]: Leaving directory `/home/hagish/workspace/adt/love-native-android/jni/openal-soft-android/CMakeFiles/CMakeTmp'
make: *** [cmTryCompileExec/fast] Error 2


Determining if the timeGetTime exist in winmm failed with the following output:
Change Dir: /home/hagish/workspace/adt/love-native-android/jni/openal-soft-android/CMakeFiles/CMakeTmp

Run Build Command:/usr/bin/make "cmTryCompileExec/fast"
/usr/bin/make -f CMakeFiles/cmTryCompileExec.dir/build.make CMakeFiles/cmTryCompileExec.dir/build
make[1]: Entering directory `/home/hagish/workspace/adt/love-native-android/jni/openal-soft-android/CMakeFiles/CMakeTmp'
/usr/bin/cmake -E cmake_progress_report /home/hagish/workspace/adt/love-native-android/jni/openal-soft-android/CMakeFiles/CMakeTmp/CMakeFiles 1
Building C object CMakeFiles/cmTryCompileExec.dir/CheckSymbolExists.c.o
/opt/android-ndk-r6/toolchains/arm-linux-androideabi-4.4.3/prebuilt/linux-x86/bin/arm-linux-androideabi-gcc   --sysroot=/opt/android-ndk-r6/platforms/android-5/arch-arm -fPIC -DANDROID -Wno-psabi -fsigned-char -mthumb   -I/opt/android-ndk-r6/sources/cxx-stl/gnu-libstdc++/include -I/opt/android-ndk-r6/sources/cxx-stl/gnu-libstdc++/libs/include   -o CMakeFiles/cmTryCompileExec.dir/CheckSymbolExists.c.o   -c /home/hagish/workspace/adt/love-native-android/jni/openal-soft-android/CMakeFiles/CMakeTmp/CheckSymbolExists.c
/home/hagish/workspace/adt/love-native-android/jni/openal-soft-android/CMakeFiles/CMakeTmp/CheckSymbolExists.c:2:21: error: windows.h: No such file or directory
/home/hagish/workspace/adt/love-native-android/jni/openal-soft-android/CMakeFiles/CMakeTmp/CheckSymbolExists.c:3:22: error: mmsystem.h: No such file or directory
/home/hagish/workspace/adt/love-native-android/jni/openal-soft-android/CMakeFiles/CMakeTmp/CheckSymbolExists.c: In function 'main':
/home/hagish/workspace/adt/love-native-android/jni/openal-soft-android/CMakeFiles/CMakeTmp/CheckSymbolExists.c:8: error: 'timeGetTime' undeclared (first use in this function)
/home/hagish/workspace/adt/love-native-android/jni/openal-soft-android/CMakeFiles/CMakeTmp/CheckSymbolExists.c:8: error: (Each undeclared identifier is reported only once
/home/hagish/workspace/adt/love-native-android/jni/openal-soft-android/CMakeFiles/CMakeTmp/CheckSymbolExists.c:8: error: for each function it appears in.)
make[1]: *** [CMakeFiles/cmTryCompileExec.dir/CheckSymbolExists.c.o] Error 1
make[1]: Leaving directory `/home/hagish/workspace/adt/love-native-android/jni/openal-soft-android/CMakeFiles/CMakeTmp'
make: *** [cmTryCompileExec/fast] Error 2

File /home/hagish/workspace/adt/love-native-android/jni/openal-soft-android/CMakeFiles/CMakeTmp/CheckSymbolExists.c:
/* */
#include <windows.h>
#include <mmsystem.h>

void cmakeRequireSymbol(int dummy,...){(void)dummy;}
int main()
{
  cmakeRequireSymbol(0,&timeGetTime);
  return 0;
}

Determining if the include file alsa/asoundlib.h exists failed with the following output:
Change Dir: /home/hagish/workspace/adt/love-native-android/jni/openal-soft-android/CMakeFiles/CMakeTmp

Run Build Command:/usr/bin/make "cmTryCompileExec/fast"
/usr/bin/make -f CMakeFiles/cmTryCompileExec.dir/build.make CMakeFiles/cmTryCompileExec.dir/build
make[1]: Entering directory `/home/hagish/workspace/adt/love-native-android/jni/openal-soft-android/CMakeFiles/CMakeTmp'
/usr/bin/cmake -E cmake_progress_report /home/hagish/workspace/adt/love-native-android/jni/openal-soft-android/CMakeFiles/CMakeTmp/CMakeFiles 1
Building C object CMakeFiles/cmTryCompileExec.dir/CheckIncludeFile.c.o
/opt/android-ndk-r6/toolchains/arm-linux-androideabi-4.4.3/prebuilt/linux-x86/bin/arm-linux-androideabi-gcc   --sysroot=/opt/android-ndk-r6/platforms/android-5/arch-arm -fPIC -DANDROID -Wno-psabi -fsigned-char -mthumb   -I/opt/android-ndk-r6/sources/cxx-stl/gnu-libstdc++/include -I/opt/android-ndk-r6/sources/cxx-stl/gnu-libstdc++/libs/include   -o CMakeFiles/cmTryCompileExec.dir/CheckIncludeFile.c.o   -c /home/hagish/workspace/adt/love-native-android/jni/openal-soft-android/CMakeFiles/CMakeTmp/CheckIncludeFile.c
/home/hagish/workspace/adt/love-native-android/jni/openal-soft-android/CMakeFiles/CMakeTmp/CheckIncludeFile.c:1:28: error: alsa/asoundlib.h: No such file or directory
make[1]: *** [CMakeFiles/cmTryCompileExec.dir/CheckIncludeFile.c.o] Error 1
make[1]: Leaving directory `/home/hagish/workspace/adt/love-native-android/jni/openal-soft-android/CMakeFiles/CMakeTmp'
make: *** [cmTryCompileExec/fast] Error 2


Determining if the include file sys/soundcard.h exists failed with the following output:
Change Dir: /home/hagish/workspace/adt/love-native-android/jni/openal-soft-android/CMakeFiles/CMakeTmp

Run Build Command:/usr/bin/make "cmTryCompileExec/fast"
/usr/bin/make -f CMakeFiles/cmTryCompileExec.dir/build.make CMakeFiles/cmTryCompileExec.dir/build
make[1]: Entering directory `/home/hagish/workspace/adt/love-native-android/jni/openal-soft-android/CMakeFiles/CMakeTmp'
/usr/bin/cmake -E cmake_progress_report /home/hagish/workspace/adt/love-native-android/jni/openal-soft-android/CMakeFiles/CMakeTmp/CMakeFiles 1
Building C object CMakeFiles/cmTryCompileExec.dir/CheckIncludeFile.c.o
/opt/android-ndk-r6/toolchains/arm-linux-androideabi-4.4.3/prebuilt/linux-x86/bin/arm-linux-androideabi-gcc   --sysroot=/opt/android-ndk-r6/platforms/android-5/arch-arm -fPIC -DANDROID -Wno-psabi -fsigned-char -mthumb   -I/opt/android-ndk-r6/sources/cxx-stl/gnu-libstdc++/include -I/opt/android-ndk-r6/sources/cxx-stl/gnu-libstdc++/libs/include   -o CMakeFiles/cmTryCompileExec.dir/CheckIncludeFile.c.o   -c /home/hagish/workspace/adt/love-native-android/jni/openal-soft-android/CMakeFiles/CMakeTmp/CheckIncludeFile.c
/home/hagish/workspace/adt/love-native-android/jni/openal-soft-android/CMakeFiles/CMakeTmp/CheckIncludeFile.c:1:27: error: sys/soundcard.h: No such file or directory
make[1]: *** [CMakeFiles/cmTryCompileExec.dir/CheckIncludeFile.c.o] Error 1
make[1]: Leaving directory `/home/hagish/workspace/adt/love-native-android/jni/openal-soft-android/CMakeFiles/CMakeTmp'
make: *** [cmTryCompileExec/fast] Error 2


Determining if the include file sys/audioio.h exists failed with the following output:
Change Dir: /home/hagish/workspace/adt/love-native-android/jni/openal-soft-android/CMakeFiles/CMakeTmp

Run Build Command:/usr/bin/make "cmTryCompileExec/fast"
/usr/bin/make -f CMakeFiles/cmTryCompileExec.dir/build.make CMakeFiles/cmTryCompileExec.dir/build
make[1]: Entering directory `/home/hagish/workspace/adt/love-native-android/jni/openal-soft-android/CMakeFiles/CMakeTmp'
/usr/bin/cmake -E cmake_progress_report /home/hagish/workspace/adt/love-native-android/jni/openal-soft-android/CMakeFiles/CMakeTmp/CMakeFiles 1
Building C object CMakeFiles/cmTryCompileExec.dir/CheckIncludeFile.c.o
/opt/android-ndk-r6/toolchains/arm-linux-androideabi-4.4.3/prebuilt/linux-x86/bin/arm-linux-androideabi-gcc   --sysroot=/opt/android-ndk-r6/platforms/android-5/arch-arm -fPIC -DANDROID -Wno-psabi -fsigned-char -mthumb   -I/opt/android-ndk-r6/sources/cxx-stl/gnu-libstdc++/include -I/opt/android-ndk-r6/sources/cxx-stl/gnu-libstdc++/libs/include   -o CMakeFiles/cmTryCompileExec.dir/CheckIncludeFile.c.o   -c /home/hagish/workspace/adt/love-native-android/jni/openal-soft-android/CMakeFiles/CMakeTmp/CheckIncludeFile.c
/home/hagish/workspace/adt/love-native-android/jni/openal-soft-android/CMakeFiles/CMakeTmp/CheckIncludeFile.c:1:25: error: sys/audioio.h: No such file or directory
make[1]: *** [CMakeFiles/cmTryCompileExec.dir/CheckIncludeFile.c.o] Error 1
make[1]: Leaving directory `/home/hagish/workspace/adt/love-native-android/jni/openal-soft-android/CMakeFiles/CMakeTmp'
make: *** [cmTryCompileExec/fast] Error 2


Determining if the include file sndio.h exists failed with the following output:
Change Dir: /home/hagish/workspace/adt/love-native-android/jni/openal-soft-android/CMakeFiles/CMakeTmp

Run Build Command:/usr/bin/make "cmTryCompileExec/fast"
/usr/bin/make -f CMakeFiles/cmTryCompileExec.dir/build.make CMakeFiles/cmTryCompileExec.dir/build
make[1]: Entering directory `/home/hagish/workspace/adt/love-native-android/jni/openal-soft-android/CMakeFiles/CMakeTmp'
/usr/bin/cmake -E cmake_progress_report /home/hagish/workspace/adt/love-native-android/jni/openal-soft-android/CMakeFiles/CMakeTmp/CMakeFiles 1
Building C object CMakeFiles/cmTryCompileExec.dir/CheckIncludeFile.c.o
/opt/android-ndk-r6/toolchains/arm-linux-androideabi-4.4.3/prebuilt/linux-x86/bin/arm-linux-androideabi-gcc   --sysroot=/opt/android-ndk-r6/platforms/android-5/arch-arm -fPIC -DANDROID -Wno-psabi -fsigned-char -mthumb   -I/opt/android-ndk-r6/sources/cxx-stl/gnu-libstdc++/include -I/opt/android-ndk-r6/sources/cxx-stl/gnu-libstdc++/libs/include   -o CMakeFiles/cmTryCompileExec.dir/CheckIncludeFile.c.o   -c /home/hagish/workspace/adt/love-native-android/jni/openal-soft-android/CMakeFiles/CMakeTmp/CheckIncludeFile.c
/home/hagish/workspace/adt/love-native-android/jni/openal-soft-android/CMakeFiles/CMakeTmp/CheckIncludeFile.c:1:19: error: sndio.h: No such file or directory
make[1]: Leaving directory `/home/hagish/workspace/adt/love-native-android/jni/openal-soft-android/CMakeFiles/CMakeTmp'
make[1]: *** [CMakeFiles/cmTryCompileExec.dir/CheckIncludeFile.c.o] Error 1
make: *** [cmTryCompileExec/fast] Error 2


Determining if the include file dsound.h exists failed with the following output:
Change Dir: /home/hagish/workspace/adt/love-native-android/jni/openal-soft-android/CMakeFiles/CMakeTmp

Run Build Command:/usr/bin/make "cmTryCompileExec/fast"
/usr/bin/make -f CMakeFiles/cmTryCompileExec.dir/build.make CMakeFiles/cmTryCompileExec.dir/build
make[1]: Entering directory `/home/hagish/workspace/adt/love-native-android/jni/openal-soft-android/CMakeFiles/CMakeTmp'
/usr/bin/cmake -E cmake_progress_report /home/hagish/workspace/adt/love-native-android/jni/openal-soft-android/CMakeFiles/CMakeTmp/CMakeFiles 1
Building C object CMakeFiles/cmTryCompileExec.dir/CheckIncludeFile.c.o
/opt/android-ndk-r6/toolchains/arm-linux-androideabi-4.4.3/prebuilt/linux-x86/bin/arm-linux-androideabi-gcc   --sysroot=/opt/android-ndk-r6/platforms/android-5/arch-arm -fPIC -DANDROID -Wno-psabi -fsigned-char -mthumb   -I/opt/android-ndk-r6/sources/cxx-stl/gnu-libstdc++/include -I/opt/android-ndk-r6/sources/cxx-stl/gnu-libstdc++/libs/include   -o CMakeFiles/cmTryCompileExec.dir/CheckIncludeFile.c.o   -c /home/hagish/workspace/adt/love-native-android/jni/openal-soft-android/CMakeFiles/CMakeTmp/CheckIncludeFile.c
/home/hagish/workspace/adt/love-native-android/jni/openal-soft-android/CMakeFiles/CMakeTmp/CheckIncludeFile.c:1:20: error: dsound.h: No such file or directory
make[1]: Leaving directory `/home/hagish/workspace/adt/love-native-android/jni/openal-soft-android/CMakeFiles/CMakeTmp'
make[1]: *** [CMakeFiles/cmTryCompileExec.dir/CheckIncludeFile.c.o] Error 1
make: *** [cmTryCompileExec/fast] Error 2


Determining if the include file portaudio.h exists failed with the following output:
Change Dir: /home/hagish/workspace/adt/love-native-android/jni/openal-soft-android/CMakeFiles/CMakeTmp

Run Build Command:/usr/bin/make "cmTryCompileExec/fast"
/usr/bin/make -f CMakeFiles/cmTryCompileExec.dir/build.make CMakeFiles/cmTryCompileExec.dir/build
make[1]: Entering directory `/home/hagish/workspace/adt/love-native-android/jni/openal-soft-android/CMakeFiles/CMakeTmp'
/usr/bin/cmake -E cmake_progress_report /home/hagish/workspace/adt/love-native-android/jni/openal-soft-android/CMakeFiles/CMakeTmp/CMakeFiles 1
Building C object CMakeFiles/cmTryCompileExec.dir/CheckIncludeFile.c.o
/opt/android-ndk-r6/toolchains/arm-linux-androideabi-4.4.3/prebuilt/linux-x86/bin/arm-linux-androideabi-gcc   --sysroot=/opt/android-ndk-r6/platforms/android-5/arch-arm -fPIC -DANDROID -Wno-psabi -fsigned-char -mthumb   -I/opt/android-ndk-r6/sources/cxx-stl/gnu-libstdc++/include -I/opt/android-ndk-r6/sources/cxx-stl/gnu-libstdc++/libs/include   -o CMakeFiles/cmTryCompileExec.dir/CheckIncludeFile.c.o   -c /home/hagish/workspace/adt/love-native-android/jni/openal-soft-android/CMakeFiles/CMakeTmp/CheckIncludeFile.c
/home/hagish/workspace/adt/love-native-android/jni/openal-soft-android/CMakeFiles/CMakeTmp/CheckIncludeFile.c:1:23: error: portaudio.h: No such file or directory
make[1]: *** [CMakeFiles/cmTryCompileExec.dir/CheckIncludeFile.c.o] Error 1
make[1]: Leaving directory `/home/hagish/workspace/adt/love-native-android/jni/openal-soft-android/CMakeFiles/CMakeTmp'
make: *** [cmTryCompileExec/fast] Error 2


Determining if the include file pulse/pulseaudio.h exists failed with the following output:
Change Dir: /home/hagish/workspace/adt/love-native-android/jni/openal-soft-android/CMakeFiles/CMakeTmp

Run Build Command:/usr/bin/make "cmTryCompileExec/fast"
/usr/bin/make -f CMakeFiles/cmTryCompileExec.dir/build.make CMakeFiles/cmTryCompileExec.dir/build
make[1]: Entering directory `/home/hagish/workspace/adt/love-native-android/jni/openal-soft-android/CMakeFiles/CMakeTmp'
/usr/bin/cmake -E cmake_progress_report /home/hagish/workspace/adt/love-native-android/jni/openal-soft-android/CMakeFiles/CMakeTmp/CMakeFiles 1
Building C object CMakeFiles/cmTryCompileExec.dir/CheckIncludeFile.c.o
/opt/android-ndk-r6/toolchains/arm-linux-androideabi-4.4.3/prebuilt/linux-x86/bin/arm-linux-androideabi-gcc   --sysroot=/opt/android-ndk-r6/platforms/android-5/arch-arm -fPIC -DANDROID -Wno-psabi -fsigned-char -mthumb   -I/opt/android-ndk-r6/sources/cxx-stl/gnu-libstdc++/include -I/opt/android-ndk-r6/sources/cxx-stl/gnu-libstdc++/libs/include   -o CMakeFiles/cmTryCompileExec.dir/CheckIncludeFile.c.o   -c /home/hagish/workspace/adt/love-native-android/jni/openal-soft-android/CMakeFiles/CMakeTmp/CheckIncludeFile.c
/home/hagish/workspace/adt/love-native-android/jni/openal-soft-android/CMakeFiles/CMakeTmp/CheckIncludeFile.c:1:30: error: pulse/pulseaudio.h: No such file or directory
make[1]: *** [CMakeFiles/cmTryCompileExec.dir/CheckIncludeFile.c.o] Error 1
make[1]: Leaving directory `/home/hagish/workspace/adt/love-native-android/jni/openal-soft-android/CMakeFiles/CMakeTmp'
make: *** [cmTryCompileExec/fast] Error 2


Determining if the include file /System/Library/Frameworks/CoreAudio.framework/Headers/CoreAudio.h exists failed with the following output:
Change Dir: /home/hagish/workspace/adt/love-native-android/jni/openal-soft-android/CMakeFiles/CMakeTmp

Run Build Command:/usr/bin/make "cmTryCompileExec/fast"
/usr/bin/make -f CMakeFiles/cmTryCompileExec.dir/build.make CMakeFiles/cmTryCompileExec.dir/build
make[1]: Entering directory `/home/hagish/workspace/adt/love-native-android/jni/openal-soft-android/CMakeFiles/CMakeTmp'
/usr/bin/cmake -E cmake_progress_report /home/hagish/workspace/adt/love-native-android/jni/openal-soft-android/CMakeFiles/CMakeTmp/CMakeFiles 1
Building C object CMakeFiles/cmTryCompileExec.dir/CheckIncludeFile.c.o
/opt/android-ndk-r6/toolchains/arm-linux-androideabi-4.4.3/prebuilt/linux-x86/bin/arm-linux-androideabi-gcc   --sysroot=/opt/android-ndk-r6/platforms/android-5/arch-arm -fPIC -DANDROID -Wno-psabi -fsigned-char -mthumb   -I/opt/android-ndk-r6/sources/cxx-stl/gnu-libstdc++/include -I/opt/android-ndk-r6/sources/cxx-stl/gnu-libstdc++/libs/include   -o CMakeFiles/cmTryCompileExec.dir/CheckIncludeFile.c.o   -c /home/hagish/workspace/adt/love-native-android/jni/openal-soft-android/CMakeFiles/CMakeTmp/CheckIncludeFile.c
/home/hagish/workspace/adt/love-native-android/jni/openal-soft-android/CMakeFiles/CMakeTmp/CheckIncludeFile.c:1:78: error: /System/Library/Frameworks/CoreAudio.framework/Headers/CoreAudio.h: No such file or directory
make[1]: *** [CMakeFiles/cmTryCompileExec.dir/CheckIncludeFile.c.o] Error 1
make[1]: Leaving directory `/home/hagish/workspace/adt/love-native-android/jni/openal-soft-android/CMakeFiles/CMakeTmp'
make: *** [cmTryCompileExec/fast] Error 2


Determining if files SLES/OpenSLES.h;SLES/OpenSLES_Android.h exist failed with the following output:
Change Dir: /home/hagish/workspace/adt/love-native-android/jni/openal-soft-android/CMakeFiles/CMakeTmp

Run Build Command:/usr/bin/make "cmTryCompileExec/fast"
/usr/bin/make -f CMakeFiles/cmTryCompileExec.dir/build.make CMakeFiles/cmTryCompileExec.dir/build
make[1]: Entering directory `/home/hagish/workspace/adt/love-native-android/jni/openal-soft-android/CMakeFiles/CMakeTmp'
/usr/bin/cmake -E cmake_progress_report /home/hagish/workspace/adt/love-native-android/jni/openal-soft-android/CMakeFiles/CMakeTmp/CMakeFiles 1
Building C object CMakeFiles/cmTryCompileExec.dir/CheckIncludeFiles.c.o
/opt/android-ndk-r6/toolchains/arm-linux-androideabi-4.4.3/prebuilt/linux-x86/bin/arm-linux-androideabi-gcc   --sysroot=/opt/android-ndk-r6/platforms/android-5/arch-arm -fPIC -DANDROID -Wno-psabi -fsigned-char -mthumb   -I/opt/android-ndk-r6/sources/cxx-stl/gnu-libstdc++/include -I/opt/android-ndk-r6/sources/cxx-stl/gnu-libstdc++/libs/include   -o CMakeFiles/cmTryCompileExec.dir/CheckIncludeFiles.c.o   -c /home/hagish/workspace/adt/love-native-android/jni/openal-soft-android/CMakeFiles/CMakeTmp/CheckIncludeFiles.c
/home/hagish/workspace/adt/love-native-android/jni/openal-soft-android/CMakeFiles/CMakeTmp/CheckIncludeFiles.c:2:27: error: SLES/OpenSLES.h: No such file or directory
/home/hagish/workspace/adt/love-native-android/jni/openal-soft-android/CMakeFiles/CMakeTmp/CheckIncludeFiles.c:3:35: error: SLES/OpenSLES_Android.h: No such file or directory
make[1]: *** [CMakeFiles/cmTryCompileExec.dir/CheckIncludeFiles.c.o] Error 1
make[1]: Leaving directory `/home/hagish/workspace/adt/love-native-android/jni/openal-soft-android/CMakeFiles/CMakeTmp'
make: *** [cmTryCompileExec/fast] Error 2

Source:
/* */
#include <SLES/OpenSLES.h>
#include <SLES/OpenSLES_Android.h>


int main(){return 0;}

